<?xml version="1.0" encoding="UTF-8"?>
<!-- Generated by org.testng.reporters.JUnitXMLReporter -->
<testsuite ignored="0" hostname="DESKTOP-64V490S" failures="0" tests="4" name="PetTest" time="11.066" errors="0" timestamp="2023-05-31T18:12:22 IST">
  <testcase classname="api.tests.UserTest" name="testPost" time="4.388"/>
  <testcase classname="api.tests.UserTest" name="testGetUserByName" time="1.493"/>
  <testcase classname="api.tests.UserTest" name="testUpdateUserByUsername" time="2.842"/>
  <testcase classname="api.tests.UserTest" name="testDeleteUserByName" time="1.521"/>
</testsuite> <!-- PetTest -->
